11954655089
12591687796
18240674325
17098317233
11330452922
12522233547
11633436346
6846157360
19239850292
17241116236
13993672466
19261990899
14298845611
11501611678
12616906715
27016843300
17522672101
14286408089
13774566161
15193064155
13578790378
13842992553
1669903079
17987848951
11779876039
18567556444
15947044319
19639868940
21159368143
20059489200
8802140915
12991247727
21033676316
22362639760
16986679622
14632204109
17310607360
21094293768
16174580325
18419014191
11658230409
15872525962
14833755954
16301592127
13454271659
18125294492
9955948542
11902071453
10668458882
27574944389
6745539172
15248884508
18945063492
17760388827
17373177538
6140294272
33593195632
19197650726
23654519940
9458786575
11534228453
896924493
13665719469
3465901010
14472791052
15924959805
21614705476
12943452035
19467743190
10416908987
13909310907
13302477395
7778374506
22171870292
16162952523
12032411570
22459277212
25817731249
19674467727
20846348745
12766925315
16576523942
11495618409
13155321069
20151992416
2352057143
19443707558
7743007890
22891852624
12806126302
12195927221
14992109479
15144976130
12045296350
15985964158
15992811365
24234188618
11032965267
23193270947
952614177
3035730450
19828196358
8329393877
15777561488
14686252738
10952028127
17146051225
10759360045
12138201471
9987138433
15104095844
20236582398
20892637727
18591181352
16577142051
6022256201
6399292033
20546519283
24163432064
22645900277
14504169369
9465222214
12949496451
29272485219
33070961604
24514457504
21361678868
10770344862
14647411433
8196060114
12308095984
568299490
524636377
12514156176
16044993129
5847292766
5844211057
8262774242
24517486407
14804711607
11129206053
23954024466
5778846670
3847418388
9501320358
10474931629
14644170705
17387745690
5443232384
16407577081
11556486970
19761331111
16538006699
26311255261
10854572943
11650951637
9342058690
14727705426
20802919004
22525578267
15793922796
11255548533
9915796385
9704314589
19907131121
22764672249
17968127099
22505942587
13611980664
12354801612
11529921809
15002186225
17786989730
6017050350
17535831430
4903375358
523830486
16248124002
17552800289
21534826053
19506812161
15590232538
16304487755
24747363875
2917751991
12231850753
20024247575
15344864043
16493403147
11309480662
22938681750
16423191054
5900746497
17605362772
18092530602
16460965137
24696938898
16351622916
10517715066
26074210140
24484103093
20725283994
23039100781
13715797564
18807437223
14689423321
20856977041
8575238212
18747691116
7698841405
20917529888
23290748631
5631292839
26221920089
22842136433
13926781345
21753354976
5351501361
20272444520
18949081087
5724355956
16294585418
16053649907
16312358387
8591153819
10680486920
19483216157
3926823782
19103225389
9311200586
13295342107
16722824983
15367147793
11551725916
10808993307
30361502424
19522040875
11066884644
18914721541
10697259904
7619998034
12064426848
9292544340
13156728324
29370315864
281329059
14656369946
7222987674
7411170099
10129588041
14261185459
22451030661
13337219629
22633542057
9553346372
5434221487
24639661341
18273458083
15275815841
17404300442
16561633790
16233002763
22432432662
21385615075
3637430964
11667945963
24824934593
11647690457
8309636365
12963105170
6307579260
18594311978
16562227627
15157509424
15988781220
21947202147
18877053639
12318429817
12081912726
10111227511
21628578234
14934676974
21845182716
9167307937
25049883437
17025415371
20989577923
9219174265
24092632223
15902314859
27277156982
26434445287
14858778789
24926235272
9043141756
7960071782
14367862059
9280888453
10801877280
12163260361
12980168033
21377929653
19848157243
22914752561
14367098736
9055081501
18895595146
10127538432
23697333386
14481871332
16134573616
8746710464
12142806371
4144584538
31543532477
11736483099
0
11063671013
15903629294
12123818572
18392703825
17290879102
22716639173
20224128989
13973465624
19310511434
18613816889
12800108945
9922576616
11803558437
12573324523
11878825956
18772218270
24182067705
26188010824
18785707285
11294638941
13016162057
10870225622
5533284057
16806415817
6768871866
10213135411
17667495670
1053964167
5230478484
11266887443
20532270558
12128156549
10402417726
15295757162
5012427122
14995791759
5086871115
18372121958
5211990680
12670963559
11569777231
18480542547
21433653286
20019321402
22545835669
3102335068
25358329182
18456990179
17354654243
5556648384
3292086977
9885713583
10448251800
3979746490
11693886819
17482335658
19989033037
13827797822
9912220486
1331789917
13791427184
4565959591
5599806731
10456523209
19488590677
20587603694
4874093805
10659633549
5637778302
9650048890
24016379115
22352888969
7658049180
17427131734
22899369048
17042582758
9003724518
14605431249
16417856056
8991502789
7983695042
14875983964
17254823056
24467755465
17273015958
1557708317
7848304746
12368013770
12829507787
2822611270
16181499851
16905272024
22782280160
18468675970
21004153486
10428699430
19069790824
18390333711
12645176762
16667116463
6303774128
19904021270
16143612097
23739566641
6035479777
22215906528
26185373910
10984155360
2904678141
10554842236
9345576031
26257665923
3272517132
9400266338
13109070354
21352695349
12785604599
16260552957
6136494715
20693027135
8908319767
11611042897
8089418377
16240038325
18982780790
17427524005
22034336163
11844838509
15657411266
18995773064
12877493433
11947788768
23252394755
30080481842
16670770728
15829364134
0
8026578464
19291223187
10942237154
15642497142
10180911337
12025870149
14089470153
13669902253
4344447412
11480013948
24119880821
9222871594
4072083477
22306531451
11614117088
12321512698
8900736371
15366638203
16421737057
8482544835
22529037719
7116832510
6557979396
17282854796
13138483000
10525358450
14560029441
28167457856
19857519917
15792350015
9853403446
13363383924
15688131472
23056117079
18667581707
19926894414
17191894819
6456180984
15215045289
16309442401
16532571897
5599996234
20245502208
8212776032
16791517585
13474797019
25809763054
