28640024238
14203304018
15476331513
10687957209
31066826288
12492311344
27611973070
17273026460
6777989856
18105049799
8631195298
16950170297
13209547821
16100909292
13722494060
19834712543
24098456154
8230114238
1232833004
13704123343
15900781581
23955196502
16875220634
9350743617
11160315172
11296961509
16131084354
16965155656
17317871833
21499674241
9852999535
18372591167
7972328867
21137565813
23969433870
18284087821
9780163191
24759593158
13094151886
11177462507
13046602945
18047231284
15415498999
10963791932
14913730206
12854483754
12137650172
26379976498
15212002780
11012957515
13530481734
10787391079
26825942172
7768454691
17645922164
12849684852
11106246235
22215445359
9697828009
5404254104
7877429016
4009075098
14212272139
17021016539
11444757577
11207319418
15235712581
10916343817
19593020684
4184142930
16291247981
17188883854
14349486345
3868219938
6237724691
10434946160
18962571803
16978452527
22763124358
11675268482
23324794766
26268175415
23073291586
14681340223
18309783744
21485699785
16236802312
7783956788
8483115772
19386934235
20338715827
8589682223
20949193207
21648976103
980414006
13317099072
9102509252
14655685177
15751784379
18966551213
9362770404
3054346837
8451643326
15546878092
17530350293
15285117499
21543214928
17145695673
11086249834
14997235711
18582600723
23710298308
11879425711
20844353306
34114777284
28647911038
26227844786
17122068482
17431391280
14686891730
14151249716
12987508116
10514459778
13925669692
12323004257
13207540111
27371832429
13581610430
3605106832
9048132074
9990098034
27590355150
20606453863
15156273099
11970518188
24648367350
9503637217
15632297947
15832218278
14930562015
14174372551
21187738608
14229913428
22260472399
22737742604
18173621009
14776037055
25930560322
18961043401
13958762141
16226848725
9412211548
11172808571
12338499461
14277828063
19771652735
13667684186
19278852960
10302126684
10193662808
13583821374
13551725521
26483680118
15459660398
3932316229
17815842415
6652687886
13709827912
10125634912
14934458233
20566554252
21932347205
9996901520
13513954584
15868531321
7881212565
10552451622
22685050610
8436824113
10810196212
20950405607
9108867971
25613560430
13956852055
3650967466
18122642830
23798344313
1686566445
12796004717
16197631978
10932532252
11052181645
30429118978
14867145448
10766307217
22188049367
12142499172
11390905403
11850523441
11759912215
13949902448
5412594801
12744986314
33761392807
4026049815
11694773698
7036712823
12292676581
6619680618
14007567855
11181342239
26255628280
6709270597
18614282350
14293172867
19656404732
21165161978
14876729346
16506278430
16131772839
18736185678
19636022538
11944361209
15250496810
1598334437
15127232668
14158918159
23767663878
5021744744
13648901704
19750162328
17215246145
13464080691
4673059005
12956789734
13274566319
13340947545
16863538863
3997743002
8633057776
18642832618
8840739203
5716975804
18739044425
17474774828
5810124789
11051745824
12608245249
12168689464
9835515410
16736855249
19067103192
8137216258
27192563628
8751456824
13160888890
11595621083
4305763821
15200662340
11850488206
10306674491
4575697430
12192409104
5931717669
15187601590
4376043933
5501776117
12601196424
15384641517
17889079901
10148793005
20480403554
19584462968
23685075608
14919274512
19539119455
12993549903
21519559722
9670842548
21359469274
21070970801
28419362696
16997655136
13276291534
16175923025
16507928414
9279375776
22884553651
16556594307
14706752434
13005791591
13379813660
11342594519
15415755354
15876437435
21258561538
19154762493
16638881511
10448220809
16713590675
24632334444
18470449891
17696395397
16512492126
17341168637
2881105111
10633006703
18766026481
10701282497
18452327692
29487029862
18716778404
9397323838
22627474812
29877458704
22131912980
6672582986
25520469534
13105800011
7449895335
24826213417
9196200937
9492838779
12744413471
16263794186
23097781168
9463220626
9230669084
14208929905
16017752354
9666369941
14111876350
4495031730
5186798006
20092132259
12935050501
3054346837
7566896834
20421231574
13045206962
6210261690
16260923831
11087568541
0
16053957539
10636388739
25826972026
1545213100
14390115037
15921734507
9282211139
14877245209
11266803539
13785445260
17342563253
11912956460
13991464581
4685318567
5814718456
12062671347
13293683418
9417762073
14678519535
14879312375
16572254511
21571831885
19352700108
5322630257
20952496478
18820518169
17857426469
11593231713
16633860556
21773783825
21872517144
10482274351
5991951645
12201311889
18462590508
10153666308
14880111475
13191391247
7209822092
16334147949
16441143344
8656776500
9955730885
13827895677
9002423229
17870740987
6137833904
16788205182
11112144745
17185691724
15691468847
22068731919
17288813466
19206206251
17870933474
9673285197
16058452703
23058664302
3569101245
9967146975
20737080883
13679242540
11798829830
11421374842
22722277174
19408217370
10853446071
19853577415
5909312450
8452260519
15641014123
17671138403
9125117942
29039793045
15211578688
28547854331
15021138932
18330024011
15824502448
14976300721
19473714231
8428190688
12181385902
6613706968
5280723580
17171041350
18026925878
13018034256
12628847194
20603659893
27183365025
14220033404
9414557883
16095652352
13000196740
8770499361
23646924225
19930693494
10162600800
23175902128
18387112689
15374761695
17624713341
23502613499
14385073231
15858699994
9373958770
20960507720
5797672734
14886648009
24480330102
26983842209
24958438516
20396472229
14623595830
13907819507
17775781665
3570585031
26291201379
11919745777
10105039699
7046687549
9013859700
6714125984
15441650588
7829924228
20085743285
12767600322
23260748415
11891882731
5637297150
12186547574
10057232184
19954688152
1145869400
22825234202
19370175196
6976524888
154696849
24382403100
6008239633
16662089077
14040985706
6375548681
25083623643
11592146497
21108053843
9496879083
0
14312488169
11485420836
5045922721
6717191930
5459118638
15811100574
11074492351
19339936447
