25233810864
14501988514
20059734134
4716670697
10783943261
2908703270
6065852436
9409959796
25417798978
31320475881
11675049388
16140020647
26226159057
26787278971
19301307478
16377231379
28072063024
14387866426
16210373927
9550944466
23454908976
15365028763
13279955293
23765750105
2778141566
11010445439
17786566296
14995184358
5666161752
12206331710
30512785890
9015884506
19811289726
12135527117
10918561928
3587730213
212383182
15445148017
12690847961
16207119452
12570621649
6888032728
29592179847
2716509431
14011196006
8733636235
15827729898
8715356064
17580312178
20987418744
13172455130
12771922314
20887111877
22794505933
25944417193
9583402807
10910070196
30821542281
29832350782
17037801733
14076210307
2899771943
16316599291
20966671098
8229041693
26484625261
28379646266
19057270353
16641362373
11579126860
15450138037
3891230190
11241286674
13146683471
18866512552
6880627234
9207540795
10906369859
4671693532
11230048802
4696575129
10421490352
13090524760
8842920959
6464451583
10866885155
11297672060
13043359989
26072569743
6279206311
25984012824
8458785605
21009544777
16473405303
32535964966
16752090913
17913941319
28507607367
6617652696
25248255389
12386006294
4681762968
19861769628
23256347973
14387792187
28927960056
16483284785
9382344654
7558830628
7100940205
22685720136
8018572568
15025335352
6032857098
16102696910
15882976894
17490463683
8802528451
23169627161
9284761610
11060738439
15109029383
27083521769
2212542169
33124675400
8616887861
16284651876
5793296540
15834324338
27355861573
12188603560
7516632817
11540718394
4629559057
12283607716
8525097772
23357974750
6122791176
3938236390
9054180724
6815621810
675085982
9682668649
6317132752
15010324940
13330766732
12702404259
9162996471
14691272298
33205545458
18982640467
4304839605
12666734878
19165355348
14702526999
20506697103
11113884314
22667668976
25741138832
15930501916
22657921733
3312290021
20731723342
21261717214
23690438757
4052575815
8166201973
10914591249
16233527330
16668879222
16119543918
5854467308
2842686691
2277301660
12691044570
15618283924
4139568529
6608102988
17331734252
19059770314
8139483312
18228537212
27320142812
18182409195
12130873394
15379503047
8577662717
5319015545
8714012391
12596940113
19340136817
11537470991
4812352391
12808973150
12155508895
14948131022
22248527193
15584210755
14080316447
19027167889
10508876899
20171814853
12444461063
16082457765
6542004928
20644467513
11854934749
16751033749
26707100622
13244687038
3339291436
14843300268
32371049156
19813704816
6725027364
19493345850
13081245081
10351174947
16784756512
21456962325
17067821490
14307327478
14961417290
27769108195
4204846447
8033139719
22132963575
19943534827
12246557437
10393482317
17383747462
14392528557
2400835719
29430312103
15932587623
10458819034
32155708421
11849234021
23567899385
18850438829
9232694061
5386100103
13639833856
23010262770
4483652561
14280058512
23478219385
17478178956
5785187320
7409185699
16155546750
19671349484
22624537318
6272769674
13121078550
10341825613
10290487948
13831151564
13258314053
14017842693
8691675784
8222274875
23909259847
15474463327
15206915655
12204260062
10494980355
20500851296
29559412478
7273977325
18386118929
6729474309
1988314659
13126756496
5845031705
20395138235
8201344670
28965684187
18444556265
13411156369
19546585088
26645171915
21118800426
22148787121
29336810011
4861779110
24326838401
13359543444
26537359996
22296961823
3194258429
11632264085
21150402702
10971430182
30880462136
8139587167
9213015151
4417439027
18728824952
10118561650
16618829256
7256818972
13706037902
2940622207
16264843091
12477469579
8405688295
12805507009
17688251156
24042959763
20904931744
24966455662
12479095812
9252748689
20324491052
16474156661
18951079489
20621750442
17367008299
4111675451
19501962536
19557278282
20739481887
3986973136
14348442120
21528633869
23523901985
7652552832
20998409851
7082118448
15037815161
16123905400
5446565705
35061382188
21557203113
24439152541
9948840049
2470840575
10248188030
16328298223
17749474161
11515460087
18050275801
14887558986
14474101344
18100168294
16209085912
12811885927
20019011673
23233237963
13974357587
11449436155
15572027371
15572450907
15217340719
9975056658
24453501420
21264019981
4077120422
25216227406
7611534018
13573678403
12943805522
18854356019
5359011465
22955831408
5679637103
6563653005
7142965334
6521011970
12276651843
28671824386
11342301747
7696189733
26467822614
15202902870
958977023
15663098707
5214350774
20703855446
17950547473
19044182532
5173299641
27206465234
1075136117
7890985847
17863881950
18272776141
15035843190
28364048183
9928704666
14510985123
16416366840
10989946778
10749596852
19378534753
1962351137
16903695309
14293639308
24842960571
29900318045
16662566561
24332352854
17672863838
6362995567
13046787599
28222956838
28795350217
12799451808
28609489283
8683731862
7155437254
16066179322
17526449884
4443181788
27260028456
9112480864
3836917097
9687925230
16395074008
31363613411
17682282349
14275627900
16734894476
23798202181
32689228232
10927088603
18985449050
14826258051
18712463132
8257929074
10001923156
15938948395
7055566601
2156743524
14146709037
16578482632
7318081629
14218802388
5641377879
19377963922
19131702962
14281553456
18138829941
1083730852
6498229967
7157915029
21033212211
13798512864
13497016025
20949535220
3394311850
12795866226
11385704294
24911825809
18228063585
26479089847
13064135354
16445744911
25932913013
20155199558
10413897144
12586390686
19112018785
9259569546
3509856074
17663838313
30434519960
15391545182
7943763233
14078972522
21044162966
9909056212
9886777598
8245487308
11557575547
4310337996
21048179487
6077360693
0
9393303285
12037504981
5298990185
9807546477
8565754645
23914694313
8905740863
25983345921
12616330400
20773021250
5223300478
16887667350
20536043221
13287086726
12889571615
1165121264
5474160258
14436102514
33195423319
15731650115
6469226461
